<?xml version="1.0" encoding="UTF-8"?>
<testng-results skipped="0" failed="0" ignored="0" total="2" passed="2">
  <reporter-output>
  </reporter-output>
  <suite name="Default suite" duration-ms="73" started-at="2018-04-13T08:04:34Z" finished-at="2018-04-13T08:04:34Z">
    <groups>
    </groups>
    <test name="Default test" duration-ms="73" started-at="2018-04-13T08:04:34Z" finished-at="2018-04-13T08:04:34Z">
      <class name="testNG_Concepts_For_Selenium_1.testNG.Annotations">
        <test-method status="PASS" signature="beforesuite()[pri:0, instance:testNG_Concepts_For_Selenium_1.testNG.Annotations@1e88b3c]" name="beforesuite" is-config="true" duration-ms="16" started-at="2018-04-13T08:04:34Z" finished-at="2018-04-13T08:04:34Z">
          <reporter-output>
          </reporter-output>
        </test-method> <!-- beforesuite -->
        <test-method status="PASS" signature="beforeTest()[pri:0, instance:testNG_Concepts_For_Selenium_1.testNG.Annotations@1e88b3c]" name="beforeTest" is-config="true" duration-ms="0" started-at="2018-04-13T08:04:34Z" finished-at="2018-04-13T08:04:34Z">
          <reporter-output>
          </reporter-output>
        </test-method> <!-- beforeTest -->
        <test-method status="PASS" signature="beforeClass()[pri:0, instance:testNG_Concepts_For_Selenium_1.testNG.Annotations@1e88b3c]" name="beforeClass" is-config="true" duration-ms="1" started-at="2018-04-13T08:04:34Z" finished-at="2018-04-13T08:04:34Z">
          <reporter-output>
          </reporter-output>
        </test-method> <!-- beforeClass -->
        <test-method status="PASS" signature="beforeMethod()[pri:0, instance:testNG_Concepts_For_Selenium_1.testNG.Annotations@1e88b3c]" name="beforeMethod" is-config="true" duration-ms="1" started-at="2018-04-13T08:04:34Z" finished-at="2018-04-13T08:04:34Z">
          <reporter-output>
          </reporter-output>
        </test-method> <!-- beforeMethod -->
        <test-method status="PASS" signature="test1()[pri:0, instance:testNG_Concepts_For_Selenium_1.testNG.Annotations@1e88b3c]" name="test1" duration-ms="7" started-at="2018-04-13T08:04:34Z" finished-at="2018-04-13T08:04:34Z">
          <reporter-output>
          </reporter-output>
        </test-method> <!-- test1 -->
        <test-method status="PASS" signature="afterMethod()[pri:0, instance:testNG_Concepts_For_Selenium_1.testNG.Annotations@1e88b3c]" name="afterMethod" is-config="true" duration-ms="1" started-at="2018-04-13T08:04:34Z" finished-at="2018-04-13T08:04:34Z">
          <reporter-output>
          </reporter-output>
        </test-method> <!-- afterMethod -->
        <test-method status="PASS" signature="test2()[pri:0, instance:testNG_Concepts_For_Selenium_1.testNG.Annotations@1e88b3c]" name="test2" duration-ms="3" started-at="2018-04-13T08:04:34Z" finished-at="2018-04-13T08:04:34Z">
          <reporter-output>
          </reporter-output>
        </test-method> <!-- test2 -->
        <test-method status="PASS" signature="beforeMethod()[pri:0, instance:testNG_Concepts_For_Selenium_1.testNG.Annotations@1e88b3c]" name="beforeMethod" is-config="true" duration-ms="0" started-at="2018-04-13T08:04:34Z" finished-at="2018-04-13T08:04:34Z">
          <reporter-output>
          </reporter-output>
        </test-method> <!-- beforeMethod -->
        <test-method status="PASS" signature="afterMethod()[pri:0, instance:testNG_Concepts_For_Selenium_1.testNG.Annotations@1e88b3c]" name="afterMethod" is-config="true" duration-ms="1" started-at="2018-04-13T08:04:34Z" finished-at="2018-04-13T08:04:34Z">
          <reporter-output>
          </reporter-output>
        </test-method> <!-- afterMethod -->
        <test-method status="PASS" signature="afterClass()[pri:0, instance:testNG_Concepts_For_Selenium_1.testNG.Annotations@1e88b3c]" name="afterClass" is-config="true" duration-ms="0" started-at="2018-04-13T08:04:34Z" finished-at="2018-04-13T08:04:34Z">
          <reporter-output>
          </reporter-output>
        </test-method> <!-- afterClass -->
        <test-method status="PASS" signature="afterTest()[pri:0, instance:testNG_Concepts_For_Selenium_1.testNG.Annotations@1e88b3c]" name="afterTest" is-config="true" duration-ms="0" started-at="2018-04-13T08:04:34Z" finished-at="2018-04-13T08:04:34Z">
          <reporter-output>
          </reporter-output>
        </test-method> <!-- afterTest -->
        <test-method status="PASS" signature="afterSuite()[pri:0, instance:testNG_Concepts_For_Selenium_1.testNG.Annotations@1e88b3c]" name="afterSuite" is-config="true" duration-ms="0" started-at="2018-04-13T08:04:34Z" finished-at="2018-04-13T08:04:34Z">
          <reporter-output>
          </reporter-output>
        </test-method> <!-- afterSuite -->
      </class> <!-- testNG_Concepts_For_Selenium_1.testNG.Annotations -->
    </test> <!-- Default test -->
  </suite> <!-- Default suite -->
</testng-results>
