<?xml version="1.0" encoding="UTF-8"?>
<!-- Generated by org.testng.reporters.JUnitXMLReporter -->
<testsuite hostname="DESKTOP-42ER5TB" ignored="0" name="AllAnnotations" tests="2" failures="0" timestamp="09 Apr 2018 07:34:45 GMT" time="0.042" errors="0">
  <testcase name="test1" time="0.007" classname="testNG_Concepts_For_Selenium_1.testNG.Annotations"/>
  <testcase name="test2" time="0.001" classname="testNG_Concepts_For_Selenium_1.testNG.Annotations"/>
</testsuite> <!-- AllAnnotations -->
