<?xml version="1.0" encoding="UTF-8"?>
<!-- Generated by org.testng.reporters.JUnitXMLReporter -->
<testsuite hostname="DESKTOP-42ER5TB" ignored="0" name="dataProvider" tests="2" failures="0" timestamp="09 Apr 2018 07:34:46 GMT" time="0.009" errors="0">
  <testcase name="testDataProvider" time="0.001" classname="testNG_Concepts_For_Selenium_1.testNG.DataProviderTest"/>
  <testcase name="testDataProvider" time="0.001" classname="testNG_Concepts_For_Selenium_1.testNG.DataProviderTest"/>
</testsuite> <!-- dataProvider -->
