<?xml version="1.0" encoding="UTF-8"?>
<!-- Generated by org.testng.reporters.JUnitXMLReporter -->
<testsuite hostname="DESKTOP-42ER5TB" ignored="1" name="enableOrdisableTest" tests="1" failures="0" timestamp="09 Apr 2018 07:34:46 GMT" time="0.004" errors="0">
  <testcase name="test" time="0.002" classname="testNG_Concepts_For_Selenium_1.testNG.EnableAndDisableTest"/>
  <testcase name="test1" time="0.0" classname="testNG_Concepts_For_Selenium_1.testNG.EnableAndDisableTest">
    <ignored/>
  </testcase> <!-- test1 -->
</testsuite> <!-- enableOrdisableTest -->
