<?xml version="1.0" encoding="UTF-8"?>
<!-- Generated by org.testng.reporters.JUnitXMLReporter -->
<testsuite hostname="DESKTOP-42ER5TB" ignored="2" name="Groups" tests="2" failures="0" timestamp="09 Apr 2018 07:34:45 GMT" time="0.012" errors="0">
  <testcase name="test1" time="0.002" classname="testNG_Concepts_For_Selenium_1.testNG.GroupTest"/>
  <testcase name="test3" time="0.001" classname="testNG_Concepts_For_Selenium_1.testNG.GroupTest"/>
  <testcase name="test2" time="0.0" classname="testNG_Concepts_For_Selenium_1.testNG.GroupTest">
    <ignored/>
  </testcase> <!-- test2 -->
  <testcase name="test4" time="0.0" classname="testNG_Concepts_For_Selenium_1.testNG.GroupTest">
    <ignored/>
  </testcase> <!-- test4 -->
</testsuite> <!-- Groups -->
